  main.cpp
C:\Dev\SFML-Pong\Pong Game\External\include\SFML\System\Exception.hpp(41,47): warning C4275: non dll-interface class 'std::runtime_error' used as base for dll-interface class 'sf::Exception'
  (compiling source file 'main.cpp')
      C:\Program Files\Microsoft Visual Studio\2022\Community\VC\Tools\MSVC\14.44.35207\include\stdexcept(100,30):
      see declaration of 'std::runtime_error'
      C:\Dev\SFML-Pong\Pong Game\External\include\SFML\System\Exception.hpp(41,23):
      see declaration of 'sf::Exception'
  
C:\Dev\SFML-Pong\Pong Game\main.cpp(64,11): warning C4244: 'initializing': conversion from 'float' to 'int', possible loss of data
C:\Dev\SFML-Pong\Pong Game\main.cpp(65,11): warning C4244: 'initializing': conversion from 'float' to 'int', possible loss of data
C:\Dev\SFML-Pong\Pong Game\main.cpp(69,14): warning C4244: '+=': conversion from 'float' to 'int', possible loss of data
C:\Dev\SFML-Pong\Pong Game\main.cpp(190,50): warning C4244: 'argument': conversion from 'float' to '_Ty', possible loss of data
C:\Dev\SFML-Pong\Pong Game\main.cpp(190,50): warning C4244:         with
C:\Dev\SFML-Pong\Pong Game\main.cpp(190,50): warning C4244:         [
C:\Dev\SFML-Pong\Pong Game\main.cpp(190,50): warning C4244:             _Ty=int
C:\Dev\SFML-Pong\Pong Game\main.cpp(190,50): warning C4244:         ]
C:\Dev\SFML-Pong\Pong Game\main.cpp(190,45): warning C4244: 'argument': conversion from 'float' to '_Ty', possible loss of data
C:\Dev\SFML-Pong\Pong Game\main.cpp(190,45): warning C4244:         with
C:\Dev\SFML-Pong\Pong Game\main.cpp(190,45): warning C4244:         [
C:\Dev\SFML-Pong\Pong Game\main.cpp(190,45): warning C4244:             _Ty=int
C:\Dev\SFML-Pong\Pong Game\main.cpp(190,45): warning C4244:         ]
C:\Dev\SFML-Pong\Pong Game\main.cpp(191,19): warning C4244: 'return': conversion from 'int' to 'float', possible loss of data
  Pong Game.vcxproj -> C:\Dev\SFML-Pong\Pong Game\x64\Debug\Pong Game.exe
  'pwsh.exe' is not recognized as an internal or external command,
  operable program or batch file.
